<?xml version="1.0" encoding="utf-8"?><testsuites name="pytest tests"><testsuite name="pytest" errors="0" failures="0" skipped="0" tests="4" time="17.898" timestamp="2026-09-07T04:03:08.551691+00:00" hostname="agent-env-eb0755cb-f67b-4e2b-b910-f44010ba8a3e"><testcase classname="tests.test_email_leads" name="test_root_ok" time="0.238" /><testcase classname="tests.test_email_leads" name="test_create_lead_with_email_sends_both_emails" time="8.068" /><testcase classname="tests.test_email_leads" name="test_create_lead_without_email_sends_owner_only" time="8.069" /><testcase classname="tests.test_email_leads" name="test_send_email_helper_direct" time="0.802" /></testsuite></testsuites>